
Showing logs for build [32mcb-kubecd-environment-pr-125-4-454c8-1[0m stage [32mfrom-build-pack[0m and container [32mstep-credential-initializer-jl4cw[0m
{"level":"warn","ts":1578320089.6592546,"logger":"fallback-logger","caller":"logging/config.go:69","msg":"Fetch GitHub commit ID from kodata failed: \"ref: refs/heads/master\" is not a valid GitHub commit ID"}
{"level":"info","ts":1578320089.6600428,"logger":"fallback-logger","caller":"creds-init/main.go:40","msg":"Credentials initialized."}

Showing logs for build [32mcb-kubecd-environment-pr-125-4-454c8-1[0m stage [32mfrom-build-pack[0m and container [32mstep-working-dir-initializer-z22wm[0m
{"level":"warn","ts":1578320090.736105,"logger":"fallback-logger","caller":"logging/config.go:69","msg":"Fetch GitHub commit ID from kodata failed: open /var/run/ko/HEAD: no such file or directory"}
{"level":"info","ts":1578320090.7381861,"logger":"fallback-logger","caller":"bash/main.go:65","msg":"Successfully executed command \"mkdir -p /workspace/source\""}

Showing logs for build [32mcb-kubecd-environment-pr-125-4-454c8-1[0m stage [32mfrom-build-pack[0m and container [32mstep-place-tools[0m

Showing logs for build [32mcb-kubecd-environment-pr-125-4-454c8-1[0m stage [32mfrom-build-pack[0m and container [32mstep-git-source-cb-kubecd-environment-pr-125-4-pf4x5[0m
{"level":"warn","ts":1578320117.783277,"logger":"fallback-logger","caller":"logging/config.go:69","msg":"Fetch GitHub commit ID from kodata failed: \"ref: refs/heads/master\" is not a valid GitHub commit ID"}
{"level":"info","ts":1578320118.934142,"logger":"fallback-logger","caller":"git/git.go:102","msg":"Successfully cloned https://github.com/cb-kubecd/environment-pr-125-4-boot-gke-production.git @ master in path /workspace/source"}

Showing logs for build [32mcb-kubecd-environment-pr-125-4-454c8-1[0m stage [32mfrom-build-pack[0m and container [32mstep-git-merge[0m
Using SHAs from PULL_REFS=master:8638bacf4fc876f7269fd4bf867a8a13c2bc127e,1:b83f9e438a1289759f2bebc6b728c138b12062e1
DEBUG: ran git fetch --unshallow origin b83f9e438a1289759f2bebc6b728c138b12062e1: 8638bacf4fc876f7269fd4bf867a8a13c2bc127e: in 
DEBUG: ran git checkout master in 
DEBUG: ran git reset --hard 8638bacf4fc876f7269fd4bf867a8a13c2bc127e in 
DEBUG: ran clean --force -d . in 
DEBUG: ran git merge b83f9e438a1289759f2bebc6b728c138b12062e1 in 
Merged SHA b83f9e438a1289759f2bebc6b728c138b12062e1 with commit message 'chore: Promote bdd-spring-1578319122 to version 0.0.1' into base branch master

Showing logs for build [32mcb-kubecd-environment-pr-125-4-454c8-1[0m stage [32mfrom-build-pack[0m and container [32mstep-build-helm-build[0m
WARNING: No $CHART_REPOSITORY defined so using the default value of: http://jenkins-x-chartmuseum:8080
Adding missing Helm repo: storage.googleapis.com https://storage.googleapis.com/chartmuseum.jenkins-x.io
Read credentials for https://storage.googleapis.com/chartmuseum.jenkins-x.io from vault helm/repos
Successfully added Helm repository storage.googleapis.com.
Adding missing Helm repo: jenkins-x-chartmuseum http://jenkins-x-chartmuseum:8080
Read credentials for http://jenkins-x-chartmuseum:8080 from vault helm/repos
Successfully added Helm repository jenkins-x-chartmuseum.
WARNING: No $CHART_REPOSITORY defined so using the default value of: http://jenkins-x-chartmuseum:8080
Adding missing Helm repo: chartmuseum.jenkins-x.io http://chartmuseum.jenkins-x.io
Read credentials for http://chartmuseum.jenkins-x.io from vault helm/repos
Successfully added Helm repository chartmuseum.jenkins-x.io.
